<?xml version="1.0" encoding="UTF-8"?>
<!-- Generated by org.testng.reporters.JUnitReportReporter -->
<testsuite hostname="Dell-PC" name="Test.DirectorDAOTest" tests="5" failures="0" timestamp="21 May 2014 09:03:29 GMT" time="0.111" errors="0">
  <testcase name="getAllDirectorsTest" time="0.002" classname="Test.DirectorDAOTest"/>
  <testcase name="addDirectorTest" time="0.035" classname="Test.DirectorDAOTest"/>
  <testcase name="updateDirectorTest" time="0.035" classname="Test.DirectorDAOTest"/>
  <testcase name="getDirectorByIdTest" time="0.001" classname="Test.DirectorDAOTest"/>
  <testcase name="removeDirectorTest" time="0.038" classname="Test.DirectorDAOTest"/>
</testsuite> <!-- Test.DirectorDAOTest -->
