<?xml version="1.0" encoding="UTF-8"?>
<!-- Generated by org.testng.reporters.JUnitReportReporter -->
<testsuite hostname="Dell-PC" name="Test.OrderHistoryDAOTest" tests="7" failures="0" timestamp="21 May 2014 09:03:29 GMT" time="0.970" errors="0">
  <testcase name="getOrderHistoryClientTest" time="0.018" classname="Test.OrderHistoryDAOTest"/>
  <testcase name="removeOrderHisoryTest" time="0.067" classname="Test.OrderHistoryDAOTest"/>
  <testcase name="getOrderHistoryByIdTest" time="0.014" classname="Test.OrderHistoryDAOTest"/>
  <testcase name="getAllOrderHistoryTest" time="0.700" classname="Test.OrderHistoryDAOTest"/>
  <testcase name="getOrderHistoryMovieTest" time="0.017" classname="Test.OrderHistoryDAOTest"/>
  <testcase name="addOrderHistoryTest" time="0.096" classname="Test.OrderHistoryDAOTest"/>
  <testcase name="updateOrderHistoryTest" time="0.058" classname="Test.OrderHistoryDAOTest"/>
</testsuite> <!-- Test.OrderHistoryDAOTest -->
