<?xml version="1.0" encoding="UTF-8"?>
<!-- Generated by org.testng.reporters.JUnitReportReporter -->
<testsuite hostname="Dell-PC" name="Test.CopyDAOTest" tests="3" failures="0" timestamp="21 May 2014 09:03:29 GMT" time="0.095" errors="0">
  <testcase name="updateCopyTest" time="0.062" classname="Test.CopyDAOTest"/>
  <testcase name="getAllCopiesTest" time="0.026" classname="Test.CopyDAOTest"/>
  <testcase name="getCopyByMovieTest" time="0.007" classname="Test.CopyDAOTest"/>
</testsuite> <!-- Test.CopyDAOTest -->
