<?xml version="1.0" encoding="UTF-8"?>
<!-- Generated by org.testng.reporters.JUnitReportReporter -->
<testsuite hostname="Dell-PC" name="Test.ClientDAOTest" tests="7" failures="0" timestamp="21 May 2014 09:03:29 GMT" time="0.202" errors="0">
  <testcase name="getAllClientsTest" time="0.014" classname="Test.ClientDAOTest"/>
  <testcase name="getClientsByFilterNameTest" time="0.006" classname="Test.ClientDAOTest"/>
  <testcase name="getClientByIdTest" time="0.003" classname="Test.ClientDAOTest"/>
  <testcase name="addClientTest" time="0.071" classname="Test.ClientDAOTest"/>
  <testcase name="removeClientTest" time="0.047" classname="Test.ClientDAOTest"/>
  <testcase name="getClientsByFilterTest" time="0.008" classname="Test.ClientDAOTest"/>
  <testcase name="updateClientTest" time="0.053" classname="Test.ClientDAOTest"/>
</testsuite> <!-- Test.ClientDAOTest -->
