<?xml version="1.0" encoding="UTF-8"?>
<!-- Generated by org.testng.reporters.JUnitReportReporter -->
<testsuite hostname="Dell-PC" name="Test.MovieDAOTest" tests="10" failures="0" timestamp="21 May 2014 09:03:29 GMT" time="0.271" errors="0">
  <testcase name="getMoviesByFilterClientTest" time="0.012" classname="Test.MovieDAOTest"/>
  <testcase name="getAllMoviesTest" time="0.038" classname="Test.MovieDAOTest"/>
  <testcase name="getMoviesByFilterNameTest" time="0.003" classname="Test.MovieDAOTest"/>
  <testcase name="getMoviesByFilterYearTest" time="0.009" classname="Test.MovieDAOTest"/>
  <testcase name="removeMovieTest" time="0.051" classname="Test.MovieDAOTest"/>
  <testcase name="getMovieByIdTest" time="0.004" classname="Test.MovieDAOTest"/>
  <testcase name="getMoviesByFilterCompanyTest" time="0.009" classname="Test.MovieDAOTest"/>
  <testcase name="updateMovieTest" time="0.063" classname="Test.MovieDAOTest"/>
  <testcase name="getMoviesByFilterDirectorTest" time="0.009" classname="Test.MovieDAOTest"/>
  <testcase name="addMovieTest" time="0.073" classname="Test.MovieDAOTest"/>
</testsuite> <!-- Test.MovieDAOTest -->
