<?xml version="1.0" encoding="UTF-8"?>
<!-- Generated by org.testng.reporters.JUnitReportReporter -->
<testsuite hostname="Dell-PC" name="Test.CompanyDAOTest" tests="5" failures="0" timestamp="21 May 2014 09:03:29 GMT" time="0.134" errors="0">
  <testcase name="updateCompanyTest" time="0.046" classname="Test.CompanyDAOTest"/>
  <testcase name="getCompanyByIdTest" time="0.000" classname="Test.CompanyDAOTest"/>
  <testcase name="addClientTest" time="0.043" classname="Test.CompanyDAOTest"/>
  <testcase name="getAllCompaniesTest" time="0.001" classname="Test.CompanyDAOTest"/>
  <testcase name="removeCompanyTest" time="0.044" classname="Test.CompanyDAOTest"/>
</testsuite> <!-- Test.CompanyDAOTest -->
